<?xml version="1.0" encoding="UTF-8"?>
<testng-results skipped="0" failed="0" total="2" passed="2">
  <reporter-output>
  </reporter-output>
  <suite name="Suite" duration-ms="40" started-at="2016-12-23T18:52:25Z" finished-at="2016-12-23T18:52:25Z">
    <groups>
    </groups>
    <test name="Test" duration-ms="40" started-at="2016-12-23T18:52:25Z" finished-at="2016-12-23T18:52:25Z">
      <class name="diningedge.OnlineWeekend.NewTest">
        <test-method status="PASS" signature="beforeTest()[pri:0, instance:diningedge.OnlineWeekend.NewTest@b354f7e]" name="beforeTest" is-config="true" duration-ms="12" started-at="2016-12-24T00:22:25Z" finished-at="2016-12-24T00:22:25Z">
          <reporter-output>
          </reporter-output>
        </test-method> <!-- beforeTest -->
        <test-method status="PASS" signature="beforeClass()[pri:0, instance:diningedge.OnlineWeekend.NewTest@b354f7e]" name="beforeClass" is-config="true" duration-ms="1" started-at="2016-12-24T00:22:25Z" finished-at="2016-12-24T00:22:25Z">
          <reporter-output>
          </reporter-output>
        </test-method> <!-- beforeClass -->
        <test-method status="PASS" signature="f(java.lang.Integer, java.lang.String)[pri:0, instance:diningedge.OnlineWeekend.NewTest@b354f7e]" name="f" duration-ms="5" started-at="2016-12-24T00:22:25Z" data-provider="dp" finished-at="2016-12-24T00:22:25Z">
          <params>
            <param index="0">
              <value>
                <![CDATA[1]]>
              </value>
            </param>
            <param index="1">
              <value>
                <![CDATA[a]]>
              </value>
            </param>
          </params>
          <reporter-output>
          </reporter-output>
        </test-method> <!-- f -->
        <test-method status="PASS" signature="f(java.lang.Integer, java.lang.String)[pri:0, instance:diningedge.OnlineWeekend.NewTest@b354f7e]" name="f" duration-ms="3" started-at="2016-12-24T00:22:25Z" data-provider="dp" finished-at="2016-12-24T00:22:25Z">
          <params>
            <param index="0">
              <value>
                <![CDATA[2]]>
              </value>
            </param>
            <param index="1">
              <value>
                <![CDATA[b]]>
              </value>
            </param>
          </params>
          <reporter-output>
          </reporter-output>
        </test-method> <!-- f -->
        <test-method status="PASS" signature="afterClass()[pri:0, instance:diningedge.OnlineWeekend.NewTest@b354f7e]" name="afterClass" is-config="true" duration-ms="1" started-at="2016-12-24T00:22:25Z" finished-at="2016-12-24T00:22:25Z">
          <reporter-output>
          </reporter-output>
        </test-method> <!-- afterClass -->
        <test-method status="PASS" signature="afterTest()[pri:0, instance:diningedge.OnlineWeekend.NewTest@b354f7e]" name="afterTest" is-config="true" duration-ms="0" started-at="2016-12-24T00:22:25Z" finished-at="2016-12-24T00:22:25Z">
          <reporter-output>
          </reporter-output>
        </test-method> <!-- afterTest -->
      </class> <!-- diningedge.OnlineWeekend.NewTest -->
    </test> <!-- Test -->
  </suite> <!-- Suite -->
</testng-results>
